[Message:   BepInEx] BepInEx 5.4.22.0 - Lethal Company (11/20/2023 7:02:30 PM)
[Info   :   BepInEx] Running under Unity v2022.3.9.15351836
[Info   :   BepInEx] CLR runtime version: 4.0.30319.42000
[Info   :   BepInEx] Supports SRE: True
[Info   :   BepInEx] System platform: Bits64, Windows
[Message:   BepInEx] Preloader started
[Info   :   BepInEx] Loaded 1 patcher method from [BepInEx.Preloader 5.4.22.0]
[Info   :   BepInEx] 1 patcher plugin loaded
[Info   :   BepInEx] Patching [UnityEngine.CoreModule] with [BepInEx.Chainloader]
[Message:   BepInEx] Preloader finished
[Message:   BepInEx] Chainloader ready
[Message:   BepInEx] Chainloader started
[Info   :   BepInEx] 2 plugins to load
[Info   :   BepInEx] Loading [BiggerLobby 1.0.9]
[Info   :   BepInEx] Loading [LC_API 1.0.0]
[Info   :    LC_API] LC-API Starting up..
[Warning:  HarmonyX] AccessTools.Method: Could not find method for type LC_API.ManualPatches.ServerPatch and name LobbyIsJoinable and parameters 
[Message:   BepInEx] Chainloader startup complete
[Message:    LC_API] A plugin has set your game to only allow you to play with other people who have mods!
[Message:    LC_API] BundleAPI will now load all asset bundles...
[Message:    LC_API] BundleAPI got 1 AssetBundles to load!
[Message:    LC_API] Got asset for load: assets/diagetic.mixer
[Message:    LC_API] Loaded asset: Diagetic
[Message:    LC_API] BundleAPI finished loading all assets.
